  demo.cpp
h:\myprojects\utiny\utinyengine\include\component.h(23): warning C4251: “Component::name”: class“std::basic_string<char,std::char_traits<char>,std::allocator<char>>”需要有 dll 接口由 class“Component”的客户端使用
  c:\program files (x86)\microsoft visual studio 14.0\vc\include\xstring(2628): note: 参见“std::basic_string<char,std::char_traits<char>,std::allocator<char>>”的声明
h:\myprojects\utiny\utinyengine\include\gameobject.h(21): warning C4251: “GameObject::parent”: class“std::shared_ptr<GameObject>”需要有 dll 接口由 class“GameObject”的客户端使用
  h:\myprojects\utiny\utinyengine\include\gameobject.h(21): note: 参见“std::shared_ptr<GameObject>”的声明
h:\myprojects\utiny\utinyengine\include\gameobject.h(22): warning C4251: “GameObject::children”: class“std::list<std::shared_ptr<GameObject>,std::allocator<_Ty>>”需要有 dll 接口由 class“GameObject”的客户端使用
          with
          [
              _Ty=std::shared_ptr<GameObject>
          ]
  h:\myprojects\utiny\utinyengine\include\gameobject.h(22): note: 参见“std::list<std::shared_ptr<GameObject>,std::allocator<_Ty>>”的声明
          with
          [
              _Ty=std::shared_ptr<GameObject>
          ]
h:\myprojects\utiny\utinyengine\include\gameobject.h(23): warning C4251: “GameObject::components”: class“std::list<std::shared_ptr<Component>,std::allocator<_Ty>>”需要有 dll 接口由 class“GameObject”的客户端使用
          with
          [
              _Ty=std::shared_ptr<Component>
          ]
  h:\myprojects\utiny\utinyengine\include\gameobject.h(23): note: 参见“std::list<std::shared_ptr<Component>,std::allocator<_Ty>>”的声明
          with
          [
              _Ty=std::shared_ptr<Component>
          ]
h:\myprojects\utiny\utinyengine\include\gameobject.h(27): warning C4251: “GameObject::name”: class“std::basic_string<char,std::char_traits<char>,std::allocator<char>>”需要有 dll 接口由 class“GameObject”的客户端使用
  c:\program files (x86)\microsoft visual studio 14.0\vc\include\xstring(2628): note: 参见“std::basic_string<char,std::char_traits<char>,std::allocator<char>>”的声明
h:\myprojects\utiny\utinyengine\include\material.h(31): warning C4251: “Material::texture”: class“std::vector<std::shared_ptr<Texture>,std::allocator<_Ty>>”需要有 dll 接口由 class“Material”的客户端使用
          with
          [
              _Ty=std::shared_ptr<Texture>
          ]
  h:\myprojects\utiny\utinyengine\include\material.h(31): note: 参见“std::vector<std::shared_ptr<Texture>,std::allocator<_Ty>>”的声明
          with
          [
              _Ty=std::shared_ptr<Texture>
          ]
h:\myprojects\utiny\utinyengine\include\material.h(32): warning C4251: “Material::uvTransform”: class“std::shared_ptr<UVTransform>”需要有 dll 接口由 class“Material”的客户端使用
  h:\myprojects\utiny\utinyengine\include\material.h(32): note: 参见“std::shared_ptr<UVTransform>”的声明
h:\myprojects\utiny\utinyengine\include\material.h(33): warning C4251: “Material::parameters”: class“std::map<std::string,float [],std::less<_Kty>,std::allocator<std::pair<const _Kty,_Ty>>>”需要有 dll 接口由 class“Material”的客户端使用
          with
          [
              _Kty=std::string,
              _Ty=float []
          ]
  h:\myprojects\utiny\utinyengine\include\material.h(33): note: 参见“std::map<std::string,float [],std::less<_Kty>,std::allocator<std::pair<const _Kty,_Ty>>>”的声明
          with
          [
              _Kty=std::string,
              _Ty=float []
          ]
h:\myprojects\utiny\utinyengine\include\game.h(17): warning C4251: “Game::scene”: class“std::unique_ptr<Scene,std::default_delete<_Ty>>”需要有 dll 接口由 class“Game”的客户端使用
          with
          [
              _Ty=Scene
          ]
  h:\myprojects\utiny\utinyengine\include\game.h(17): note: 参见“std::unique_ptr<Scene,std::default_delete<_Ty>>”的声明
          with
          [
              _Ty=Scene
          ]
h:\myprojects\utiny\utinyengine\include\console.h(16): warning C4251: “Console::content”: class“std::list<std::vector<wchar_t,std::allocator<wchar_t>>,std::allocator<_Ty>>”需要有 dll 接口由 class“Console”的客户端使用
          with
          [
              _Ty=std::vector<wchar_t,std::allocator<wchar_t>>
          ]
  h:\myprojects\utiny\utinyengine\include\console.h(16): note: 参见“std::list<std::vector<wchar_t,std::allocator<wchar_t>>,std::allocator<_Ty>>”的声明
          with
          [
              _Ty=std::vector<wchar_t,std::allocator<wchar_t>>
          ]
h:\myprojects\utiny\demo\demo.cpp(80): warning C4996: 'sprintf': This function or variable may be unsafe. Consider using sprintf_s instead. To disable deprecation, use _CRT_SECURE_NO_WARNINGS. See online help for details.
  c:\program files (x86)\windows kits\10\include\10.0.10240.0\ucrt\stdio.h(1769): note: 参见“sprintf”的声明
  Demo.vcxproj -> H:\myprojects\uTiny\Debug\Demo.exe
