h:\myprojects\utiny\utinyengine\debug\vc140.pdb
h:\myprojects\utiny\utinyengine\debug\vc140.idb
h:\myprojects\utiny\utinyengine\debug\hello.obj
h:\myprojects\utiny\utinyengine\debug\camera.obj
h:\myprojects\utiny\utinyengine\debug\component.obj
h:\myprojects\utiny\utinyengine\debug\fbx.obj
h:\myprojects\utiny\utinyengine\debug\game.obj
h:\myprojects\utiny\utinyengine\debug\gameobject.obj
h:\myprojects\utiny\utinyengine\debug\glut.obj
h:\myprojects\utiny\utinyengine\debug\input.obj
h:\myprojects\utiny\utinyengine\debug\material.obj
h:\myprojects\utiny\utinyengine\debug\mesh.obj
h:\myprojects\utiny\utinyengine\debug\renderer.obj
h:\myprojects\utiny\utinyengine\debug\scene.obj
h:\myprojects\utiny\utinyengine\debug\script.obj
h:\myprojects\utiny\utinyengine\debug\test.obj
h:\myprojects\utiny\utinyengine\debug\texture.obj
h:\myprojects\utiny\utinyengine\debug\time.obj
h:\myprojects\utiny\utinyengine\debug\transform.obj
h:\myprojects\utiny\utinyengine\debug\vector3.obj
h:\myprojects\utiny\utinyengine\debug\font.obj
h:\myprojects\utiny\utinyengine\debug\textrenderer.obj
h:\myprojects\utiny\utinyengine\debug\console.obj
h:\myprojects\utiny\debug\utinyengine.ilk
h:\myprojects\utiny\debug\utinyengine.dll
h:\myprojects\utiny\debug\utinyengine.pdb
h:\myprojects\utiny\debug\utinyengine.lib
h:\myprojects\utiny\debug\utinyengine.exp
h:\myprojects\utiny\utinyengine\debug\utinyengine.tlog\cl.command.1.tlog
h:\myprojects\utiny\utinyengine\debug\utinyengine.tlog\cl.read.1.tlog
h:\myprojects\utiny\utinyengine\debug\utinyengine.tlog\cl.write.1.tlog
h:\myprojects\utiny\utinyengine\debug\utinyengine.tlog\link.command.1.tlog
h:\myprojects\utiny\utinyengine\debug\utinyengine.tlog\link.read.1.tlog
h:\myprojects\utiny\utinyengine\debug\utinyengine.tlog\link.write.1.tlog
h:\myprojects\utiny\utinyengine\debug\utinyengine.tlog\utinyengine.write.1u.tlog
